2025-05-13 16:42:09,855 [INFO] [DataManager] Sorted messages in all channels after loading
2025-05-13 16:42:17,199 [INFO] [DataManager] Sorted messages in all channels after loading
2025-05-13 16:42:17,734 [INFO] [Agent] Started on port 5001
2025-05-13 16:42:17,734 [INFO] [Server] Peer server started on port 5001
2025-05-13 16:42:19,772 [ERROR] [Agent] Error checking online status: [WinError 10061] No connection could be made because the target machine actively refused it
2025-05-13 16:42:19,772 [INFO] [Agent] Initially offline, cannot connect to tracker
2025-05-13 16:42:21,822 [ERROR] [Agent] Error connecting to tracker: [WinError 10061] No connection could be made because the target machine actively refused it
2025-05-13 16:42:23,859 [ERROR] [Agent] Error checking online status: [WinError 10061] No connection could be made because the target machine actively refused it
2025-05-13 16:42:23,859 [INFO] [Agent] Received command: status check
2025-05-13 16:42:25,910 [ERROR] [Agent] Error checking online status: [WinError 10061] No connection could be made because the target machine actively refused it
2025-05-13 16:42:26,011 [INFO] [Agent] Received command: set_port 5001
2025-05-13 16:42:26,011 [INFO] [Agent] Port updated to 5001 from UI
2025-05-13 16:42:35,915 [ERROR] [Agent] Error checking online status: [WinError 10061] No connection could be made because the target machine actively refused it
2025-05-13 16:42:35,915 [INFO] [Agent] Checking tracker connection status: False
2025-05-13 16:42:46,040 [ERROR] [Agent] Error checking online status: [WinError 10061] No connection could be made because the target machine actively refused it
2025-05-13 16:42:46,041 [INFO] [Agent] Checking tracker connection status: False
2025-05-13 16:42:50,585 [INFO] [Agent] Received command: login:hitler
2025-05-13 16:42:50,585 [INFO] [Agent] Logged in as hitler
2025-05-13 16:42:52,606 [ERROR] [Agent] Error connecting to tracker: [WinError 10061] No connection could be made because the target machine actively refused it
2025-05-13 16:42:52,606 [INFO] [Agent] Updated server thread username to hitler
2025-05-13 16:42:56,071 [ERROR] [Agent] Error checking online status: [WinError 10061] No connection could be made because the target machine actively refused it
2025-05-13 16:42:56,071 [INFO] [Agent] Checking tracker connection status: False
2025-05-13 16:43:00,412 [INFO] [Agent] Received command: create hitler
2025-05-13 16:43:02,428 [ERROR] [Agent] Error checking online status: [WinError 10061] No connection could be made because the target machine actively refused it
2025-05-13 16:43:02,428 [WARNING] [Agent] Cannot create channel while offline
2025-05-13 16:43:02,531 [INFO] [Agent] Received command: sync
2025-05-13 16:43:02,531 [INFO] [Agent] Current status before sync: offline
2025-05-13 16:43:04,568 [ERROR] [Agent] Error checking online status: [WinError 10061] No connection could be made because the target machine actively refused it
2025-05-13 16:43:04,568 [INFO] [Agent] Online check result: False
2025-05-13 16:43:04,568 [WARNING] [Agent] Không th\u1ec3 \u0111\u1ed3ng b\u1ed9 khi offline
2025-05-13 16:43:06,698 [ERROR] [Agent] Error checking online status: [WinError 10061] No connection could be made because the target machine actively refused it
2025-05-13 16:43:06,698 [INFO] [Agent] Checking tracker connection status: False
2025-05-13 16:43:07,202 [INFO] [Agent] Received command: join hitler
2025-05-13 16:43:09,246 [ERROR] [Agent] Error checking online status: [WinError 10061] No connection could be made because the target machine actively refused it
2025-05-13 16:43:09,246 [WARNING] [Agent] Cannot join channel while offline
2025-05-13 16:43:13,490 [INFO] [Agent] Received command: logout
2025-05-13 16:43:13,490 [INFO] [Agent] Logging out user hitler
2025-05-13 16:43:15,512 [ERROR] [Agent] Error connecting to tracker: [WinError 10061] No connection could be made because the target machine actively refused it
